<?xml version="1.0" encoding="UTF-8"?>
<testsuite xmlns:xsi="http://www.w3.org/2001/XMLSchema-instance" xsi:noNamespaceSchemaLocation="https://maven.apache.org/surefire/maven-surefire-plugin/xsd/surefire-test-report.xsd" name="edu.westga.cs3211.a2.test.model.hi_low_game.TestConstructor" time="0" tests="3" errors="0" skipped="0" failures="0">
  <properties>
[...]
</properties>
  <testcase name="test1ParamConstructorWithNullRandomObject" classname="edu.westga.cs3211.a2.test.model.hi_low_game.TestConstructor" time="0"/>
  <testcase name="test1ParamConstructorWithValidRandomObject" classname="edu.westga.cs3211.a2.test.model.hi_low_game.TestConstructor" time="0"/>
  <testcase name="testDefaultConstructor" classname="edu.westga.cs3211.a2.test.model.hi_low_game.TestConstructor" time="0"/>
</testsuite>